<?xml version="1.0" encoding="UTF-8"?>
<!-- Generated by org.testng.reporters.JUnitXMLReporter -->
<testsuite ignored="2" hostname="LAPTOP-M6K6JG6B" failures="0" tests="3" name="Test" time="16.283" errors="0" timestamp="2023-06-25T10:56:13 IST">
  <testcase classname="createSimpleRestAssured.PostChangeRequest" name="createAChangeRequest" time="7.335"/>
  <testcase classname="createSimpleRestAssured.GetChangeRequest" name="getAllChangeRequest" time="4.222"/>
  <testcase classname="createSimpleRestAssured.DeleteChangeRequest" name="deleteTheChangeRequest" time="3.997"/>
  <testcase classname="base.BaseClassServiceNow" name="@BeforeTest preCondition" time="0.0">
    <ignored/>
  </testcase> <!-- @BeforeTest preCondition -->
  <testcase classname="base.BaseClassServiceNow" name="@BeforeTest preCondition" time="0.0">
    <ignored/>
  </testcase> <!-- @BeforeTest preCondition -->
</testsuite> <!-- Test -->
