<?xml version="1.0" encoding="UTF-8"?>
<testng-results ignored="2" total="5" passed="3" failed="0" skipped="0">
  <reporter-output>
  </reporter-output>
  <suite started-at="2023-06-25T10:55:57 IST" name="Suite" finished-at="2023-06-25T10:56:13 IST" duration-ms="16283">
    <groups>
    </groups>
    <test started-at="2023-06-25T10:55:57 IST" name="Test" finished-at="2023-06-25T10:56:13 IST" duration-ms="16283">
      <class name="createSimpleRestAssured.DeleteChangeRequest">
        <test-method signature="deleteTheChangeRequest()[pri:0, instance:createSimpleRestAssured.DeleteChangeRequest@5403f35f]" started-at="2023-06-25T10:56:09 IST" name="deleteTheChangeRequest" finished-at="2023-06-25T10:56:13 IST" duration-ms="3997" status="PASS">
          <reporter-output>
          </reporter-output>
        </test-method> <!-- deleteTheChangeRequest -->
      </class> <!-- createSimpleRestAssured.DeleteChangeRequest -->
      <class name="createSimpleRestAssured.PostChangeRequest">
        <test-method is-config="true" signature="preCondition()[pri:0, instance:createSimpleRestAssured.PostChangeRequest@3c73951]" started-at="2023-06-25T10:55:57 IST" name="preCondition" finished-at="2023-06-25T10:55:57 IST" duration-ms="669" status="PASS">
          <reporter-output>
          </reporter-output>
        </test-method> <!-- preCondition -->
        <test-method signature="createAChangeRequest()[pri:0, instance:createSimpleRestAssured.PostChangeRequest@3c73951]" started-at="2023-06-25T10:55:57 IST" name="createAChangeRequest" finished-at="2023-06-25T10:56:05 IST" duration-ms="7335" status="PASS">
          <reporter-output>
          </reporter-output>
        </test-method> <!-- createAChangeRequest -->
      </class> <!-- createSimpleRestAssured.PostChangeRequest -->
      <class name="createSimpleRestAssured.GetChangeRequest">
        <test-method signature="getAllChangeRequest()[pri:0, instance:createSimpleRestAssured.GetChangeRequest@429bffaa]" started-at="2023-06-25T10:56:05 IST" name="getAllChangeRequest" finished-at="2023-06-25T10:56:09 IST" duration-ms="4222" status="PASS">
          <reporter-output>
          </reporter-output>
        </test-method> <!-- getAllChangeRequest -->
      </class> <!-- createSimpleRestAssured.GetChangeRequest -->
    </test> <!-- Test -->
  </suite> <!-- Suite -->
</testng-results>
